[
  {
    "level": "INFO",
    "message": "android.ndkVersion from module build.gradle is 22.1.7171670"
  },
  {
    "level": "INFO",
    "message": "ndk.dir in local.properties is E:\\SDK\\ndk\\22.1.7171670"
  },
  {
    "level": "INFO",
    "message": "ANDROID_NDK_HOME environment variable is not set"
  },
  {
    "level": "INFO",
    "message": "sdkFolder is E:\\SDK"
  },
  {
    "level": "INFO",
    "message": "Considering E:\\SDK\\ndk\\22.1.7171670 by ndk.dir"
  },
  {
    "level": "INFO",
    "message": "Considering E:\\SDK\\ndk-bundle in SDK ndk-bundle folder"
  },
  {
    "level": "INFO",
    "message": "Considering E:\\SDK\\ndk\\21.0.6113669 in SDK ndk folder"
  },
  {
    "level": "INFO",
    "message": "Considering E:\\SDK\\ndk\\22.1.7171670 in SDK ndk folder"
  },
  {
    "level": "INFO",
    "message": "Considering E:\\SDK\\ndk\\23.0.7196353 in SDK ndk folder"
  },
  {
    "level": "INFO",
    "message": "Choosing E:\\SDK\\ndk\\22.1.7171670 from ndk.dir which had the requested version 22.1.7171670"
  }
]